<?xml version="1.0" encoding="UTF-8"?>
<!-- Generated by org.testng.reporters.JUnitReportReporter -->
<testsuite hostname="user-PC1" failures="0" tests="2" name="com.tranquil.testcases.SalesReports" time="7.465" errors="1" timestamp="14 Aug 2019 10:21:20 GMT" skipped="1">
  <testcase classname="com.tranquil.testcases.SalesReports" name="inventory" time="7.465">
    <error message="session not created
from chrome not reachable
  (Session info: chrome=76.0.3809.100)
Build info: version: &#039;3.8.0&#039;, revision: &#039;924c4067df&#039;, time: &#039;2017-11-30T11:37:19.049Z&#039;
System info: host: &#039;USER-PC1&#039;, ip: &#039;192.168.1.20&#039;, os.name: &#039;Windows 7&#039;, os.arch: &#039;amd64&#039;, os.version: &#039;6.1&#039;, java.version: &#039;10.0.2&#039;
Driver info: driver.version: ChromeDriver
remote stacktrace: Backtrace:
	Ordinal0 [0x001C7C93+1473683]
	Ordinal0 [0x0014ADB1+961969]
	Ordinal0 [0x000D418C+475532]
	Ordinal0 [0x000CDB1A+449306]
	Ordinal0 [0x000CE1B8+451000]
	Ordinal0 [0x000CF2C5+455365]
	Ordinal0 [0x000CB4C5+439493]
	Ordinal0 [0x000D4F40+479040]
	Ordinal0 [0x000898FE+170238]
	Ordinal0 [0x00088D1D+167197]
	Ordinal0 [0x0008742B+160811]
	Ordinal0 [0x00070AE6+68326]
	Ordinal0 [0x00071BF0+72688]
	Ordinal0 [0x00071B89+72585]
	Ordinal0 [0x00164B77+1067895]
	GetHandleVerifier [0x00266875+506677]
	GetHandleVerifier [0x00266610+506064]
	GetHandleVerifier [0x0026D1B8+533624]
	GetHandleVerifier [0x0026704A+508682]
	Ordinal0 [0x0015C266+1032806]
	Ordinal0 [0x0015C0DF+1032415]
	Ordinal0 [0x00166A8B+1075851]
	Ordinal0 [0x00166BF3+1076211]
	Ordinal0 [0x00165BA5+1072037]
	BaseThreadInitThunk [0x749F33AA+18]
	RtlInitializeExceptionChain [0x77019F72+99]
	RtlInitializeExceptionChain [0x77019F45+54]
" type="org.openqa.selenium.SessionNotCreatedException">
      <![CDATA[org.openqa.selenium.SessionNotCreatedException: session not created
from chrome not reachable
  (Session info: chrome=76.0.3809.100)
Build info: version: '3.8.0', revision: '924c4067df', time: '2017-11-30T11:37:19.049Z'
System info: host: 'USER-PC1', ip: '192.168.1.20', os.name: 'Windows 7', os.arch: 'amd64', os.version: '6.1', java.version: '10.0.2'
Driver info: driver.version: ChromeDriver
remote stacktrace: Backtrace:
Ordinal0 [0x001C7C93+1473683]
Ordinal0 [0x0014ADB1+961969]
Ordinal0 [0x000D418C+475532]
Ordinal0 [0x000CDB1A+449306]
Ordinal0 [0x000CE1B8+451000]
Ordinal0 [0x000CF2C5+455365]
Ordinal0 [0x000CB4C5+439493]
Ordinal0 [0x000D4F40+479040]
Ordinal0 [0x000898FE+170238]
Ordinal0 [0x00088D1D+167197]
Ordinal0 [0x0008742B+160811]
Ordinal0 [0x00070AE6+68326]
Ordinal0 [0x00071BF0+72688]
Ordinal0 [0x00071B89+72585]
Ordinal0 [0x00164B77+1067895]
GetHandleVerifier [0x00266875+506677]
GetHandleVerifier [0x00266610+506064]
GetHandleVerifier [0x0026D1B8+533624]
GetHandleVerifier [0x0026704A+508682]
Ordinal0 [0x0015C266+1032806]
Ordinal0 [0x0015C0DF+1032415]
Ordinal0 [0x00166A8B+1075851]
Ordinal0 [0x00166BF3+1076211]
Ordinal0 [0x00165BA5+1072037]
BaseThreadInitThunk [0x749F33AA+18]
RtlInitializeExceptionChain [0x77019F72+99]
RtlInitializeExceptionChain [0x77019F45+54]

at java.base/jdk.internal.reflect.NativeConstructorAccessorImpl.newInstance0(Native Method)
at java.base/jdk.internal.reflect.NativeConstructorAccessorImpl.newInstance(Unknown Source)
at java.base/jdk.internal.reflect.DelegatingConstructorAccessorImpl.newInstance(Unknown Source)
at java.base/java.lang.reflect.Constructor.newInstance(Unknown Source)
at org.openqa.selenium.remote.W3CHandshakeResponse.lambda$new$0(W3CHandshakeResponse.java:57)
at org.openqa.selenium.remote.W3CHandshakeResponse.lambda$getResponseFunction$2(W3CHandshakeResponse.java:104)
at org.openqa.selenium.remote.ProtocolHandshake.lambda$createSession$0(ProtocolHandshake.java:123)
at java.base/java.util.stream.ReferencePipeline$3$1.accept(Unknown Source)
at java.base/java.util.Spliterators$ArraySpliterator.tryAdvance(Unknown Source)
at java.base/java.util.stream.ReferencePipeline.forEachWithCancel(Unknown Source)
at java.base/java.util.stream.AbstractPipeline.copyIntoWithCancel(Unknown Source)
at java.base/java.util.stream.AbstractPipeline.copyInto(Unknown Source)
at java.base/java.util.stream.AbstractPipeline.wrapAndCopyInto(Unknown Source)
at java.base/java.util.stream.FindOps$FindOp.evaluateSequential(Unknown Source)
at java.base/java.util.stream.AbstractPipeline.evaluate(Unknown Source)
at java.base/java.util.stream.ReferencePipeline.findFirst(Unknown Source)
at org.openqa.selenium.remote.ProtocolHandshake.createSession(ProtocolHandshake.java:126)
at org.openqa.selenium.remote.ProtocolHandshake.createSession(ProtocolHandshake.java:73)
at org.openqa.selenium.remote.HttpCommandExecutor.execute(HttpCommandExecutor.java:142)
at org.openqa.selenium.remote.service.DriverCommandExecutor.execute(DriverCommandExecutor.java:83)
at org.openqa.selenium.remote.RemoteWebDriver.execute(RemoteWebDriver.java:601)
at org.openqa.selenium.remote.RemoteWebDriver.startSession(RemoteWebDriver.java:219)
at org.openqa.selenium.remote.RemoteWebDriver.<init>(RemoteWebDriver.java:142)
at org.openqa.selenium.chrome.ChromeDriver.<init>(ChromeDriver.java:181)
at org.openqa.selenium.chrome.ChromeDriver.<init>(ChromeDriver.java:168)
at org.openqa.selenium.chrome.ChromeDriver.<init>(ChromeDriver.java:123)
at Helper.BrowserFactory.StartBrowser(BrowserFactory.java:19)
at com.tranquil.testcases.SalesReports.inventory(SalesReports.java:28)
at java.base/jdk.internal.reflect.NativeMethodAccessorImpl.invoke0(Native Method)
at java.base/jdk.internal.reflect.NativeMethodAccessorImpl.invoke(Unknown Source)
at java.base/jdk.internal.reflect.DelegatingMethodAccessorImpl.invoke(Unknown Source)
at java.base/java.lang.reflect.Method.invoke(Unknown Source)
at org.testng.internal.MethodInvocationHelper.invokeMethod(MethodInvocationHelper.java:124)
at org.testng.internal.MethodInvocationHelper.invokeMethodConsideringTimeout(MethodInvocationHelper.java:59)
at org.testng.internal.Invoker.invokeConfigurationMethod(Invoker.java:455)
at org.testng.internal.Invoker.invokeConfigurations(Invoker.java:222)
at org.testng.internal.Invoker.invokeConfigurations(Invoker.java:142)
at org.testng.internal.TestMethodWorker.invokeBeforeClassMethods(TestMethodWorker.java:168)
at org.testng.internal.TestMethodWorker.run(TestMethodWorker.java:105)
at org.testng.TestRunner.privateRun(TestRunner.java:648)
at org.testng.TestRunner.run(TestRunner.java:505)
at org.testng.SuiteRunner.runTest(SuiteRunner.java:455)
at org.testng.SuiteRunner.runSequentially(SuiteRunner.java:450)
at org.testng.SuiteRunner.privateRun(SuiteRunner.java:415)
at org.testng.SuiteRunner.run(SuiteRunner.java:364)
at org.testng.SuiteRunnerWorker.runSuite(SuiteRunnerWorker.java:52)
at org.testng.SuiteRunnerWorker.run(SuiteRunnerWorker.java:84)
at org.testng.TestNG.runSuitesSequentially(TestNG.java:1208)
at org.testng.TestNG.runSuitesLocally(TestNG.java:1137)
at org.testng.TestNG.runSuites(TestNG.java:1049)
at org.testng.TestNG.run(TestNG.java:1017)
at org.testng.remote.AbstractRemoteTestNG.run(AbstractRemoteTestNG.java:114)
at org.testng.remote.RemoteTestNG.initAndRun(RemoteTestNG.java:251)
at org.testng.remote.RemoteTestNG.main(RemoteTestNG.java:77)
]]>
    </error>
  </testcase> <!-- inventory -->
  <testcase classname="com.tranquil.testcases.SalesReports" name="click_quotations" time="0.000">
    <skipped/>
  </testcase> <!-- click_quotations -->
</testsuite> <!-- com.tranquil.testcases.SalesReports -->
