<?xml version="1.0" encoding="UTF-8"?>
<!-- Generated by org.testng.reporters.JUnitReportReporter -->
<testsuite skipped="1" hostname="user-PC1" name="com.tranquil.testcases.ItemSave" tests="2" failures="0" timestamp="2020-07-06T12:06:20 IST" time="2.136" errors="1">
  <testcase name="SaveItem" time="0.000" classname="com.tranquil.testcases.ItemSave">
    <skipped/>
  </testcase> <!-- SaveItem -->
  <testcase name="Invokeitem" time="2.136" classname="com.tranquil.testcases.ItemSave">
    <error type="org.openqa.selenium.SessionNotCreatedException" message="session not created: This version of ChromeDriver only supports Chrome version 79
Build info: version: &#039;3.8.0&#039;, revision: &#039;924c4067df&#039;, time: &#039;2017-11-30T11:37:19.049Z&#039;
System info: host: &#039;USER-PC1&#039;, ip: &#039;192.168.1.19&#039;, os.name: &#039;Windows 7&#039;, os.arch: &#039;amd64&#039;, os.version: &#039;6.1&#039;, java.version: &#039;1.8.0_221&#039;
Driver info: driver.version: ChromeDriver
remote stacktrace: Backtrace:
	Ordinal0 [0x0127A113+1548563]
	Ordinal0 [0x011FDDA1+1039777]
	Ordinal0 [0x0117E485+517253]
	Ordinal0 [0x0110FD34+64820]
	Ordinal0 [0x0110C61E+50718]
	Ordinal0 [0x0112B797+178071]
	Ordinal0 [0x0112B59D+177565]
	Ordinal0 [0x011295FB+169467]
	Ordinal0 [0x0111160A+71178]
	Ordinal0 [0x01112690+75408]
	Ordinal0 [0x01112629+75305]
	Ordinal0 [0x012171B7+1143223]
	GetHandleVerifier [0x01312B46+507814]
	GetHandleVerifier [0x01312864+507076]
	GetHandleVerifier [0x01319F47+537511]
	GetHandleVerifier [0x01313402+510050]
	Ordinal0 [0x0120F29C+1110684]
	Ordinal0 [0x0121938B+1151883]
	Ordinal0 [0x012194F3+1152243]
	Ordinal0 [0x012183F5+1147893]
	BaseThreadInitThunk [0x74C033AA+18]
	RtlInitializeExceptionChain [0x77209F72+99]
	RtlInitializeExceptionChain [0x77209F45+54]
">
      <![CDATA[org.openqa.selenium.SessionNotCreatedException: session not created: This version of ChromeDriver only supports Chrome version 79
Build info: version: '3.8.0', revision: '924c4067df', time: '2017-11-30T11:37:19.049Z'
System info: host: 'USER-PC1', ip: '192.168.1.19', os.name: 'Windows 7', os.arch: 'amd64', os.version: '6.1', java.version: '1.8.0_221'
Driver info: driver.version: ChromeDriver
remote stacktrace: Backtrace:
Ordinal0 [0x0127A113+1548563]
Ordinal0 [0x011FDDA1+1039777]
Ordinal0 [0x0117E485+517253]
Ordinal0 [0x0110FD34+64820]
Ordinal0 [0x0110C61E+50718]
Ordinal0 [0x0112B797+178071]
Ordinal0 [0x0112B59D+177565]
Ordinal0 [0x011295FB+169467]
Ordinal0 [0x0111160A+71178]
Ordinal0 [0x01112690+75408]
Ordinal0 [0x01112629+75305]
Ordinal0 [0x012171B7+1143223]
GetHandleVerifier [0x01312B46+507814]
GetHandleVerifier [0x01312864+507076]
GetHandleVerifier [0x01319F47+537511]
GetHandleVerifier [0x01313402+510050]
Ordinal0 [0x0120F29C+1110684]
Ordinal0 [0x0121938B+1151883]
Ordinal0 [0x012194F3+1152243]
Ordinal0 [0x012183F5+1147893]
BaseThreadInitThunk [0x74C033AA+18]
RtlInitializeExceptionChain [0x77209F72+99]
RtlInitializeExceptionChain [0x77209F45+54]

at sun.reflect.NativeConstructorAccessorImpl.newInstance0(Native Method)
at sun.reflect.NativeConstructorAccessorImpl.newInstance(Unknown Source)
at sun.reflect.DelegatingConstructorAccessorImpl.newInstance(Unknown Source)
at java.lang.reflect.Constructor.newInstance(Unknown Source)
at org.openqa.selenium.remote.W3CHandshakeResponse.lambda$new$0(W3CHandshakeResponse.java:57)
at org.openqa.selenium.remote.W3CHandshakeResponse.lambda$getResponseFunction$2(W3CHandshakeResponse.java:104)
at org.openqa.selenium.remote.ProtocolHandshake.lambda$createSession$0(ProtocolHandshake.java:123)
at java.util.stream.ReferencePipeline$3$1.accept(Unknown Source)
at java.util.Spliterators$ArraySpliterator.tryAdvance(Unknown Source)
at java.util.stream.ReferencePipeline.forEachWithCancel(Unknown Source)
at java.util.stream.AbstractPipeline.copyIntoWithCancel(Unknown Source)
at java.util.stream.AbstractPipeline.copyInto(Unknown Source)
at java.util.stream.AbstractPipeline.wrapAndCopyInto(Unknown Source)
at java.util.stream.FindOps$FindOp.evaluateSequential(Unknown Source)
at java.util.stream.AbstractPipeline.evaluate(Unknown Source)
at java.util.stream.ReferencePipeline.findFirst(Unknown Source)
at org.openqa.selenium.remote.ProtocolHandshake.createSession(ProtocolHandshake.java:126)
at org.openqa.selenium.remote.ProtocolHandshake.createSession(ProtocolHandshake.java:73)
at org.openqa.selenium.remote.HttpCommandExecutor.execute(HttpCommandExecutor.java:142)
at org.openqa.selenium.remote.service.DriverCommandExecutor.execute(DriverCommandExecutor.java:83)
at org.openqa.selenium.remote.RemoteWebDriver.execute(RemoteWebDriver.java:601)
at org.openqa.selenium.remote.RemoteWebDriver.startSession(RemoteWebDriver.java:219)
at org.openqa.selenium.remote.RemoteWebDriver.<init>(RemoteWebDriver.java:142)
at org.openqa.selenium.chrome.ChromeDriver.<init>(ChromeDriver.java:181)
at org.openqa.selenium.chrome.ChromeDriver.<init>(ChromeDriver.java:168)
at org.openqa.selenium.chrome.ChromeDriver.<init>(ChromeDriver.java:123)
at Helper.BrowserFactory.StartBrowser(BrowserFactory.java:19)
at com.tranquil.testcases.ItemSave.Invokeitem(ItemSave.java:94)
at sun.reflect.NativeMethodAccessorImpl.invoke0(Native Method)
at sun.reflect.NativeMethodAccessorImpl.invoke(Unknown Source)
at sun.reflect.DelegatingMethodAccessorImpl.invoke(Unknown Source)
at java.lang.reflect.Method.invoke(Unknown Source)
at org.testng.internal.MethodInvocationHelper.invokeMethod(MethodInvocationHelper.java:133)
at org.testng.internal.MethodInvocationHelper.invokeMethodConsideringTimeout(MethodInvocationHelper.java:62)
at org.testng.internal.ConfigInvoker.invokeConfigurationMethod(ConfigInvoker.java:340)
at org.testng.internal.ConfigInvoker.invokeConfigurations(ConfigInvoker.java:294)
at org.testng.internal.TestMethodWorker.invokeBeforeClassMethods(TestMethodWorker.java:176)
at org.testng.internal.TestMethodWorker.run(TestMethodWorker.java:122)
at java.util.ArrayList.forEach(Unknown Source)
at org.testng.TestRunner.privateRun(TestRunner.java:770)
at org.testng.TestRunner.run(TestRunner.java:591)
at org.testng.SuiteRunner.runTest(SuiteRunner.java:402)
at org.testng.SuiteRunner.runSequentially(SuiteRunner.java:396)
at org.testng.SuiteRunner.privateRun(SuiteRunner.java:355)
at org.testng.SuiteRunner.run(SuiteRunner.java:304)
at org.testng.SuiteRunnerWorker.runSuite(SuiteRunnerWorker.java:53)
at org.testng.SuiteRunnerWorker.run(SuiteRunnerWorker.java:96)
at org.testng.TestNG.runSuitesSequentially(TestNG.java:1180)
at org.testng.TestNG.runSuitesLocally(TestNG.java:1102)
at org.testng.TestNG.runSuites(TestNG.java:1032)
at org.testng.TestNG.run(TestNG.java:1000)
at org.testng.remote.AbstractRemoteTestNG.run(AbstractRemoteTestNG.java:115)
at org.testng.remote.RemoteTestNG.initAndRun(RemoteTestNG.java:251)
at org.testng.remote.RemoteTestNG.main(RemoteTestNG.java:77)
]]>
    </error>
  </testcase> <!-- Invokeitem -->
</testsuite> <!-- com.tranquil.testcases.ItemSave -->
